#
# There is insufficient memory for the Java Runtime Environment to continue.
# Native memory allocation (malloc) failed to allocate 1277296 bytes for Chunk::new
# Possible reasons:
#   The system is out of physical RAM or swap space
#   The process is running with CompressedOops enabled, and the Java Heap may be blocking the growth of the native heap
# Possible solutions:
#   Reduce memory load on the system
#   Increase physical memory or swap space
#   Check if swap backing store is full
#   Decrease Java heap size (-Xmx/-Xms)
#   Decrease number of Java threads
#   Decrease Java thread stack sizes (-Xss)
#   Set larger code cache with -XX:ReservedCodeCacheSize=
#   JVM is running with Unscaled Compressed Oops mode in which the Java heap is
#     placed in the first 4GB address space. The Java Heap base address is the
#     maximum limit for the native heap growth. Please use -XX:HeapBaseMinAddress
#     to set the Java Heap base and to place the Java Heap above 4GB virtual address.
# This output file may be truncated or incomplete.
#
#  Out of Memory Error (allocation.cpp:389), pid=21924, tid=0x00000000000048bc
#
# JRE version: OpenJDK Runtime Environment (8.0_202-b03) (build 1.8.0_202-release-1483-b03)
# Java VM: OpenJDK 64-Bit Server VM (25.202-b03 mixed mode windows-amd64 compressed oops)
# Failed to write core dump. Minidumps are not enabled by default on client versions of Windows
#

---------------  T H R E A D  ---------------

Current thread (0x000000001868c800):  JavaThread "C2 CompilerThread1" daemon [_thread_in_native, id=18620, stack(0x0000000019d80000,0x0000000019e80000)]

Stack: [0x0000000019d80000,0x0000000019e80000]
[error occurred during error reporting (printing stack bounds), id 0xc0000005]

Native frames: (J=compiled Java code, j=interpreted, Vv=VM code, C=native code)


Current CompileTask:
C2:7183014 21592       4       java.io.ObjectInputStream::readClassDesc (128 bytes)


---------------  P R O C E S S  ---------------

Java Threads: ( => current thread )
  0x000000001d875000 JavaThread "Build operations Thread 12" [_thread_blocked, id=24948, stack(0x0000000023fe0000,0x00000000240e0000)]
  0x000000001fd43000 JavaThread "Build operations Thread 11" [_thread_blocked, id=3176, stack(0x0000000023dd0000,0x0000000023ed0000)]
  0x000000001fd46000 JavaThread "Build operations Thread 10" [_thread_blocked, id=24240, stack(0x0000000023cd0000,0x0000000023dd0000)]
  0x000000001fd44800 JavaThread "Build operations Thread 9" [_thread_blocked, id=23584, stack(0x0000000023bd0000,0x0000000023cd0000)]
  0x000000001fd42800 JavaThread "Build operations Thread 8" [_thread_blocked, id=20800, stack(0x0000000023ad0000,0x0000000023bd0000)]
  0x000000001fd3b000 JavaThread "Build operations Thread 7" [_thread_blocked, id=26960, stack(0x00000000239d0000,0x0000000023ad0000)]
  0x000000001fd3a000 JavaThread "Build operations Thread 6" [_thread_blocked, id=24056, stack(0x00000000238d0000,0x00000000239d0000)]
  0x000000001fd40000 JavaThread "Build operations Thread 5" [_thread_blocked, id=17020, stack(0x00000000237d0000,0x00000000238d0000)]
  0x000000001fd3c800 JavaThread "Build operations Thread 4" [_thread_blocked, id=20708, stack(0x00000000236d0000,0x00000000237d0000)]
  0x000000001fd41000 JavaThread "Build operations Thread 3" [_thread_blocked, id=27296, stack(0x00000000235d0000,0x00000000236d0000)]
  0x000000001fd38800 JavaThread "Build operations Thread 2" [_thread_blocked, id=7004, stack(0x00000000234d0000,0x00000000235d0000)]
  0x000000001fd3f800 JavaThread "Build operations" [_thread_blocked, id=28648, stack(0x00000000233d0000,0x00000000234d0000)]
  0x000000001fd3b800 JavaThread "Cache worker for cache directory md-rule (C:\Users\x\.gradle\caches\5.4.1\md-rule)" [_thread_blocked, id=13764, stack(0x00000000232d0000,0x00000000233d0000)]
  0x000000001fd39000 JavaThread "Cache worker for cache directory md-supplier (C:\Users\x\.gradle\caches\5.4.1\md-supplier)" [_thread_blocked, id=19452, stack(0x0000000020000000,0x0000000020100000)]
  0x000000001fd37800 JavaThread "Cache worker for file hash cache (D:\x\Documents\TicTacToeV2\.gradle\5.4.1\fileHashes)" [_thread_blocked, id=19584, stack(0x000000001c890000,0x000000001c990000)]
  0x000000001fd3e000 JavaThread "Thread-539" [_thread_blocked, id=21996, stack(0x000000001c590000,0x000000001c690000)]
  0x000000001fd3e800 JavaThread "Stdin handler" [_thread_blocked, id=29264, stack(0x000000001c490000,0x000000001c590000)]
  0x000000001fab5800 JavaThread "Asynchronous log dispatcher for DefaultDaemonConnection: socket connection from /127.0.0.1:55089 to /127.0.0.1:61735" [_thread_blocked, id=29656, stack(0x000000001c190000,0x000000001c290000)]
  0x000000001fab4800 JavaThread "Daemon worker Thread 12" [_thread_in_native, id=30388, stack(0x000000001c090000,0x000000001c190000)]
  0x000000001faae800 JavaThread "Cancel handler" [_thread_blocked, id=29564, stack(0x0000000000e80000,0x0000000000f80000)]
  0x000000001fab4000 JavaThread "Handler for socket connection from /127.0.0.1:55089 to /127.0.0.1:61735" [_thread_in_native, id=32020, stack(0x0000000000d80000,0x0000000000e80000)]
  0x000000001fab1000 JavaThread "Daemon Thread 12" [_thread_blocked, id=1092, stack(0x0000000000c80000,0x0000000000d80000)]
  0x000000001f9d9800 JavaThread "Cache worker for Java compile cache (C:\Users\x\.gradle\caches\5.4.1\javaCompile)" [_thread_blocked, id=32184, stack(0x0000000027080000,0x0000000027180000)]
  0x000000001f9e6800 JavaThread "Cache worker for file content cache (C:\Users\x\.gradle\caches\5.4.1\fileContent)" [_thread_blocked, id=22980, stack(0x0000000025c80000,0x0000000025d80000)]
  0x000000001fab0000 JavaThread "Memory manager" [_thread_blocked, id=26476, stack(0x0000000024ee0000,0x0000000024fe0000)]
  0x000000001f9dc800 JavaThread "Cache worker for execution history cache (C:\Users\x\.gradle\caches\5.4.1\executionHistory)" [_thread_blocked, id=32532, stack(0x0000000022fd0000,0x00000000230d0000)]
  0x000000001a7df000 JavaThread "Cache worker for journal cache (C:\Users\x\.gradle\caches\journal-1)" [_thread_blocked, id=20852, stack(0x000000001db60000,0x000000001dc60000)]
  0x000000001a7e0800 JavaThread "File lock request listener" [_thread_in_native, id=29016, stack(0x000000001da60000,0x000000001db60000)]
  0x0000000018797800 JavaThread "Cache worker for file hash cache (C:\Users\x\.gradle\caches\5.4.1\fileHashes)" [_thread_blocked, id=32732, stack(0x000000001d960000,0x000000001da60000)]
  0x000000001b6f4800 JavaThread "Daemon periodic checks" [_thread_blocked, id=23640, stack(0x000000001bf90000,0x000000001c090000)]
  0x000000001b69a000 JavaThread "Incoming local TCP Connector on port 55089" [_thread_in_native, id=32152, stack(0x000000001bd50000,0x000000001be50000)]
  0x000000001b32c800 JavaThread "Daemon health stats" [_thread_blocked, id=29248, stack(0x000000001ba50000,0x000000001bb50000)]
  0x000000001872b800 JavaThread "Service Thread" daemon [_thread_blocked, id=16356, stack(0x000000001a080000,0x000000001a180000)]
  0x0000000018690000 JavaThread "C1 CompilerThread3" daemon [_thread_blocked, id=30164, stack(0x0000000019f80000,0x000000001a080000)]
  0x000000001868f000 JavaThread "C2 CompilerThread2" daemon [_thread_in_native, id=30788, stack(0x0000000019e80000,0x0000000019f80000)]
=>0x000000001868c800 JavaThread "C2 CompilerThread1" daemon [_thread_in_native, id=18620, stack(0x0000000019d80000,0x0000000019e80000)]
  0x0000000016f5b000 JavaThread "C2 CompilerThread0" daemon [_thread_in_native, id=26388, stack(0x0000000019c80000,0x0000000019d80000)]
  0x0000000018688800 JavaThread "Attach Listener" daemon [_thread_blocked, id=5360, stack(0x0000000019b80000,0x0000000019c80000)]
  0x0000000018646000 JavaThread "Signal Dispatcher" daemon [_thread_blocked, id=28252, stack(0x0000000019a80000,0x0000000019b80000)]
  0x0000000016f51800 JavaThread "Finalizer" daemon [_thread_blocked, id=30748, stack(0x0000000019880000,0x0000000019980000)]
  0x0000000018623000 JavaThread "Reference Handler" daemon [_thread_blocked, id=23344, stack(0x0000000019780000,0x0000000019880000)]
  0x0000000002d1d800 JavaThread "main" [_thread_blocked, id=32644, stack(0x0000000002d90000,0x0000000002e90000)]

Other Threads:
  0x0000000016f45800 VMThread [stack: 0x0000000019680000,0x0000000019780000] [id=10416]
  0x000000001872e000 WatcherThread [stack: 0x000000001a180000,0x000000001a280000] [id=10204]

VM state:not at safepoint (normal execution)

VM Mutex/Monitor currently owned by a thread: None

heap address: 0x00000000a0000000, size: 1536 MB, Compressed Oops mode: 32-bit
Narrow klass base: 0x0000000000000000, Narrow klass shift: 3
Compressed class space size: 1073741824 Address: 0x0000000100000000

Heap:
 PSYoungGen      total 162304K, used 141961K [0x00000000e0000000, 0x00000000ed080000, 0x0000000100000000)
  eden space 145920K, 86% used [0x00000000e0000000,0x00000000e7b18b78,0x00000000e8e80000)
  from space 16384K, 97% used [0x00000000e9280000,0x00000000ea2098f0,0x00000000ea280000)
  to   space 33792K, 0% used [0x00000000eaf80000,0x00000000eaf80000,0x00000000ed080000)
 ParOldGen       total 164352K, used 66392K [0x00000000a0000000, 0x00000000aa080000, 0x00000000e0000000)
  object space 164352K, 40% used [0x00000000a0000000,0x00000000a40d6108,0x00000000aa080000)
 Metaspace       used 89954K, capacity 94730K, committed 94936K, reserved 1132544K
  class space    used 11614K, capacity 12466K, committed 12544K, reserved 1048576K

Card table byte_map: [0x0000000012350000,0x0000000012660000] byte_map_base: 0x0000000011e50000

Marking Bits: (ParMarkBitMap*) 0x0000000075629f30
 Begin Bits: [0x0000000013260000, 0x0000000014a60000)
 End Bits:   [0x0000000014a60000, 0x0000000016260000)

Polling page: 0x00000000010a0000

CodeCache: size=245760Kb used=60032Kb max_used=60059Kb free=185727Kb
 bounds [0x0000000002f90000, 0x0000000006aa0000, 0x0000000011f90000]
 total_blobs=17713 nmethods=16850 adapters=774
 compilation: enabled

Compilation events (10 events):
Event: 7182.937 Thread 0x000000001868f000 nmethod 21613 0x0000000003323290 code [0x0000000003323400, 0x0000000003323828]
Event: 7182.941 Thread 0x0000000016f5b000 21614       4       org.gradle.api.internal.artifacts.ivyservice.modulecache.ModuleComponentAtRepositoryKey::<init> (34 bytes)
Event: 7182.942 Thread 0x000000001868f000 21615       4       org.gradle.api.internal.artifacts.ivyservice.resolveengine.graph.builder.NodeState::maybeSubstitute (76 bytes)
Event: 7182.942 Thread 0x0000000016f5b000 nmethod 21614 0x00000000059d2590 code [0x00000000059d26e0, 0x00000000059d28b8]
Event: 7182.957 Thread 0x0000000016f5b000 21616       4       org.gradle.api.internal.artifacts.ivyservice.resolutionstrategy.DefaultCachePolicy$CachedModuleResolutionControl::<init> (12 bytes)
Event: 7182.958 Thread 0x0000000016f5b000 nmethod 21616 0x00000000043d0990 code [0x00000000043d0ac0, 0x00000000043d0b78]
Event: 7182.986 Thread 0x0000000018690000 21617       3       org.gradle.internal.operations.DefaultBuildOperationQueue$WorkerRunnable::runBatch (50 bytes)
Event: 7182.987 Thread 0x0000000018690000 nmethod 21617 0x0000000006a72a10 code [0x0000000006a72c20, 0x0000000006a737a8]
Event: 7182.987 Thread 0x0000000018690000 21618       3       org.gradle.internal.resources.DefaultResourceLockCoordinationService$1::initialValue (5 bytes)
Event: 7182.988 Thread 0x0000000018690000 nmethod 21618 0x000000000427a9d0 code [0x000000000427ab60, 0x000000000427af70]

GC Heap History (10 events):
Event: 3764.456 GC heap before
{Heap before GC invocations=24 (full 3):
 PSYoungGen      total 202752K, used 195814K [0x00000000e0000000, 0x00000000eed80000, 0x0000000100000000)
  eden space 167424K, 99% used [0x00000000e0000000,0x00000000ea3053a0,0x00000000ea380000)
  from space 35328K, 81% used [0x00000000eca80000,0x00000000ee6b45b8,0x00000000eed00000)
  to   space 37888K, 0% used [0x00000000ea380000,0x00000000ea380000,0x00000000ec880000)
 ParOldGen       total 164352K, used 66352K [0x00000000a0000000, 0x00000000aa080000, 0x00000000e0000000)
  object space 164352K, 40% used [0x00000000a0000000,0x00000000a40cc108,0x00000000aa080000)
 Metaspace       used 88827K, capacity 93496K, committed 93656K, reserved 1130496K
  class space    used 11607K, capacity 12423K, committed 12544K, reserved 1048576K
Event: 3764.478 GC heap after
Heap after GC invocations=24 (full 3):
 PSYoungGen      total 180224K, used 17268K [0x00000000e0000000, 0x00000000ee600000, 0x0000000100000000)
  eden space 162816K, 0% used [0x00000000e0000000,0x00000000e0000000,0x00000000e9f00000)
  from space 17408K, 99% used [0x00000000ea380000,0x00000000eb45d060,0x00000000eb480000)
  to   space 36352K, 0% used [0x00000000ec280000,0x00000000ec280000,0x00000000ee600000)
 ParOldGen       total 164352K, used 66360K [0x00000000a0000000, 0x00000000aa080000, 0x00000000e0000000)
  object space 164352K, 40% used [0x00000000a0000000,0x00000000a40ce108,0x00000000aa080000)
 Metaspace       used 88827K, capacity 93496K, committed 93656K, reserved 1130496K
  class space    used 11607K, capacity 12423K, committed 12544K, reserved 1048576K
}
Event: 3773.535 GC heap before
{Heap before GC invocations=25 (full 3):
 PSYoungGen      total 180224K, used 180084K [0x00000000e0000000, 0x00000000ee600000, 0x0000000100000000)
  eden space 162816K, 100% used [0x00000000e0000000,0x00000000e9f00000,0x00000000e9f00000)
  from space 17408K, 99% used [0x00000000ea380000,0x00000000eb45d060,0x00000000eb480000)
  to   space 36352K, 0% used [0x00000000ec280000,0x00000000ec280000,0x00000000ee600000)
 ParOldGen       total 164352K, used 66360K [0x00000000a0000000, 0x00000000aa080000, 0x00000000e0000000)
  object space 164352K, 40% used [0x00000000a0000000,0x00000000a40ce108,0x00000000aa080000)
 Metaspace       used 89362K, capacity 94030K, committed 94168K, reserved 1130496K
  class space    used 11611K, capacity 12462K, committed 12544K, reserved 1048576K
Event: 3773.562 GC heap after
Heap after GC invocations=25 (full 3):
 PSYoungGen      total 192000K, used 25827K [0x00000000e0000000, 0x00000000ee380000, 0x0000000100000000)
  eden space 158208K, 0% used [0x00000000e0000000,0x00000000e0000000,0x00000000e9a80000)
  from space 33792K, 76% used [0x00000000ec280000,0x00000000edbb8de0,0x00000000ee380000)
  to   space 37376K, 0% used [0x00000000e9a80000,0x00000000e9a80000,0x00000000ebf00000)
 ParOldGen       total 164352K, used 66368K [0x00000000a0000000, 0x00000000aa080000, 0x00000000e0000000)
  object space 164352K, 40% used [0x00000000a0000000,0x00000000a40d0108,0x00000000aa080000)
 Metaspace       used 89362K, capacity 94030K, committed 94168K, reserved 1130496K
  class space    used 11611K, capacity 12462K, committed 12544K, reserved 1048576K
}
Event: 4060.188 GC heap before
{Heap before GC invocations=26 (full 3):
 PSYoungGen      total 192000K, used 184035K [0x00000000e0000000, 0x00000000ee380000, 0x0000000100000000)
  eden space 158208K, 100% used [0x00000000e0000000,0x00000000e9a80000,0x00000000e9a80000)
  from space 33792K, 76% used [0x00000000ec280000,0x00000000edbb8de0,0x00000000ee380000)
  to   space 37376K, 0% used [0x00000000e9a80000,0x00000000e9a80000,0x00000000ebf00000)
 ParOldGen       total 164352K, used 66368K [0x00000000a0000000, 0x00000000aa080000, 0x00000000e0000000)
  object space 164352K, 40% used [0x00000000a0000000,0x00000000a40d0108,0x00000000aa080000)
 Metaspace       used 89454K, capacity 94106K, committed 94424K, reserved 1130496K
  class space    used 11611K, capacity 12462K, committed 12544K, reserved 1048576K
Event: 4060.202 GC heap after
Heap after GC invocations=26 (full 3):
 PSYoungGen      total 166912K, used 12512K [0x00000000e0000000, 0x00000000edd80000, 0x0000000100000000)
  eden space 154112K, 0% used [0x00000000e0000000,0x00000000e0000000,0x00000000e9680000)
  from space 12800K, 97% used [0x00000000e9a80000,0x00000000ea6b8050,0x00000000ea700000)
  to   space 36352K, 0% used [0x00000000eba00000,0x00000000eba00000,0x00000000edd80000)
 ParOldGen       total 164352K, used 66376K [0x00000000a0000000, 0x00000000aa080000, 0x00000000e0000000)
  object space 164352K, 40% used [0x00000000a0000000,0x00000000a40d2108,0x00000000aa080000)
 Metaspace       used 89454K, capacity 94106K, committed 94424K, reserved 1130496K
  class space    used 11611K, capacity 12462K, committed 12544K, reserved 1048576K
}
Event: 5567.301 GC heap before
{Heap before GC invocations=27 (full 3):
 PSYoungGen      total 166912K, used 165300K [0x00000000e0000000, 0x00000000edd80000, 0x0000000100000000)
  eden space 154112K, 99% used [0x00000000e0000000,0x00000000e95350f8,0x00000000e9680000)
  from space 12800K, 97% used [0x00000000e9a80000,0x00000000ea6b8050,0x00000000ea700000)
  to   space 36352K, 0% used [0x00000000eba00000,0x00000000eba00000,0x00000000edd80000)
 ParOldGen       total 164352K, used 66376K [0x00000000a0000000, 0x00000000aa080000, 0x00000000e0000000)
  object space 164352K, 40% used [0x00000000a0000000,0x00000000a40d2108,0x00000000aa080000)
 Metaspace       used 89580K, capacity 94268K, committed 94424K, reserved 1130496K
  class space    used 11612K, capacity 12465K, committed 12544K, reserved 1048576K
Event: 5567.374 GC heap after
Heap after GC invocations=27 (full 3):
 PSYoungGen      total 180224K, used 15738K [0x00000000e0000000, 0x00000000ed780000, 0x0000000100000000)
  eden space 150016K, 0% used [0x00000000e0000000,0x00000000e0000000,0x00000000e9280000)
  from space 30208K, 52% used [0x00000000eba00000,0x00000000ec95e870,0x00000000ed780000)
  to   space 35328K, 0% used [0x00000000e9280000,0x00000000e9280000,0x00000000eb500000)
 ParOldGen       total 164352K, used 66384K [0x00000000a0000000, 0x00000000aa080000, 0x00000000e0000000)
  object space 164352K, 40% used [0x00000000a0000000,0x00000000a40d4108,0x00000000aa080000)
 Metaspace       used 89580K, capacity 94268K, committed 94424K, reserved 1130496K
  class space    used 11612K, capacity 12465K, committed 12544K, reserved 1048576K
}
Event: 5582.234 GC heap before
{Heap before GC invocations=28 (full 3):
 PSYoungGen      total 180224K, used 165754K [0x00000000e0000000, 0x00000000ed780000, 0x0000000100000000)
  eden space 150016K, 100% used [0x00000000e0000000,0x00000000e9280000,0x00000000e9280000)
  from space 30208K, 52% used [0x00000000eba00000,0x00000000ec95e870,0x00000000ed780000)
  to   space 35328K, 0% used [0x00000000e9280000,0x00000000e9280000,0x00000000eb500000)
 ParOldGen       total 164352K, used 66384K [0x00000000a0000000, 0x00000000aa080000, 0x00000000e0000000)
  object space 164352K, 40% used [0x00000000a0000000,0x00000000a40d4108,0x00000000aa080000)
 Metaspace       used 89913K, capacity 94726K, committed 94936K, reserved 1132544K
  class space    used 11613K, capacity 12466K, committed 12544K, reserved 1048576K
Event: 5582.249 GC heap after
Heap after GC invocations=28 (full 3):
 PSYoungGen      total 162304K, used 15910K [0x00000000e0000000, 0x00000000ed080000, 0x0000000100000000)
  eden space 145920K, 0% used [0x00000000e0000000,0x00000000e0000000,0x00000000e8e80000)
  from space 16384K, 97% used [0x00000000e9280000,0x00000000ea2098f0,0x00000000ea280000)
  to   space 33792K, 0% used [0x00000000eaf80000,0x00000000eaf80000,0x00000000ed080000)
 ParOldGen       total 164352K, used 66392K [0x00000000a0000000, 0x00000000aa080000, 0x00000000e0000000)
  object space 164352K, 40% used [0x00000000a0000000,0x00000000a40d6108,0x00000000aa080000)
 Metaspace       used 89913K, capacity 94726K, committed 94936K, reserved 1132544K
  class space    used 11613K, capacity 12466K, committed 12544K, reserved 1048576K
}

Deoptimization events (10 events):
Event: 5579.860 Thread 0x000000001fd3e000 Uncommon trap: reason=class_check action=maybe_recompile pc=0x00000000044d52e4 method=com.sun.tools.javac.code.Type.isCompound()Z @ 14
Event: 5580.705 Thread 0x000000001fd44800 Uncommon trap: reason=unstable_if action=reinterpret pc=0x00000000055bcf4c method=com.android.tools.r8.m.a.a.b.A0.b(I[Ljava/lang/Object;)Lcom/android/tools/r8/m/a/a/b/A0; @ 110
Event: 5580.706 Thread 0x000000001fd44800 Uncommon trap: reason=class_check action=maybe_recompile pc=0x0000000006717b24 method=com.android.tools.r8.ir.optimize.z.a(Lcom/android/tools/r8/ir/code/Instruction;)Z @ 9
Event: 5580.740 Thread 0x000000001fd44800 Uncommon trap: reason=array_check action=maybe_recompile pc=0x000000000671ed20 method=java.util.TimSort.mergeLo(IIII)V @ 245
Event: 5580.740 Thread 0x000000001fd44800 Uncommon trap: reason=array_check action=maybe_recompile pc=0x00000000067114f0 method=java.util.TimSort.mergeHi(IIII)V @ 250
Event: 5580.740 Thread 0x000000001fd44800 Uncommon trap: reason=array_check action=maybe_recompile pc=0x000000000671f168 method=java.util.TimSort.mergeLo(IIII)V @ 133
Event: 5580.740 Thread 0x000000001fd44800 Uncommon trap: reason=array_check action=maybe_recompile pc=0x000000000671ecb8 method=java.util.TimSort.mergeLo(IIII)V @ 212
Event: 5580.740 Thread 0x000000001fd44800 Uncommon trap: reason=array_check action=maybe_recompile pc=0x0000000006711598 method=java.util.TimSort.mergeHi(IIII)V @ 282
Event: 5580.740 Thread 0x000000001fd44800 Uncommon trap: reason=array_check action=maybe_recompile pc=0x000000000671f168 method=java.util.TimSort.mergeLo(IIII)V @ 133
Event: 5580.740 Thread 0x000000001fd44800 Uncommon trap: reason=array_check action=maybe_recompile pc=0x00000000067114f0 method=java.util.TimSort.mergeHi(IIII)V @ 250

Classes redefined (0 events):
No events

Internal exceptions (10 events):
Event: 5580.786 Thread 0x000000001fd44800 Exception <a 'sun/nio/fs/WindowsException'> (0x00000000e81cfba8) thrown at [D:\src\AOSP-openjdk-cygwin\jdk8u\hotspot\src\share\vm\prims\jni.cpp, line 710]
Event: 5580.788 Thread 0x000000001fd44800 Exception <a 'sun/nio/fs/WindowsException'> (0x00000000e81d6760) thrown at [D:\src\AOSP-openjdk-cygwin\jdk8u\hotspot\src\share\vm\prims\jni.cpp, line 710]
Event: 5580.794 Thread 0x000000001fd44800 Exception <a 'sun/nio/fs/WindowsException'> (0x00000000e829d3b8) thrown at [D:\src\AOSP-openjdk-cygwin\jdk8u\hotspot\src\share\vm\prims\jni.cpp, line 710]
Event: 5580.801 Thread 0x000000001fd44800 Exception <a 'sun/nio/fs/WindowsException'> (0x00000000e82a3640) thrown at [D:\src\AOSP-openjdk-cygwin\jdk8u\hotspot\src\share\vm\prims\jni.cpp, line 710]
Event: 5580.805 Thread 0x000000001fd44800 Exception <a 'sun/nio/fs/WindowsException'> (0x00000000e832a2f0) thrown at [D:\src\AOSP-openjdk-cygwin\jdk8u\hotspot\src\share\vm\prims\jni.cpp, line 710]
Event: 5580.810 Thread 0x000000001fd44800 Exception <a 'sun/nio/fs/WindowsException'> (0x00000000e8330ea8) thrown at [D:\src\AOSP-openjdk-cygwin\jdk8u\hotspot\src\share\vm\prims\jni.cpp, line 710]
Event: 5580.813 Thread 0x000000001fd44800 Exception <a 'sun/nio/fs/WindowsException'> (0x00000000e8339080) thrown at [D:\src\AOSP-openjdk-cygwin\jdk8u\hotspot\src\share\vm\prims\jni.cpp, line 710]
Event: 5582.220 Thread 0x000000001f9e7000 Exception <a 'sun/nio/fs/WindowsException'> (0x00000000e896ddf8) thrown at [D:\src\AOSP-openjdk-cygwin\jdk8u\hotspot\src\share\vm\prims\jni.cpp, line 710]
Event: 5582.687 Thread 0x000000001f8d0800 Exception <a 'sun/nio/fs/WindowsException'> (0x00000000e4c0e588) thrown at [D:\src\AOSP-openjdk-cygwin\jdk8u\hotspot\src\share\vm\prims\jni.cpp, line 710]
Event: 5583.140 Thread 0x000000001d774000 Exception <a 'sun/nio/fs/WindowsException'> (0x00000000e6468010) thrown at [D:\src\AOSP-openjdk-cygwin\jdk8u\hotspot\src\share\vm\prims\jni.cpp, line 710]

Events (10 events):
Event: 7182.984 Thread 0x000000001fd40000 Thread added: 0x000000001fd40000
Event: 7182.985 Thread 0x000000001fd3a000 Thread added: 0x000000001fd3a000
Event: 7182.985 Executing VM operation: RevokeBias
Event: 7182.985 Thread 0x000000001fd3b000 Thread added: 0x000000001fd3b000
Event: 7182.985 Executing VM operation: RevokeBias done
Event: 7182.985 Thread 0x000000001fd42800 Thread added: 0x000000001fd42800
Event: 7182.986 Thread 0x000000001fd44800 Thread added: 0x000000001fd44800
Event: 7182.986 Thread 0x000000001fd46000 Thread added: 0x000000001fd46000
Event: 7182.986 Thread 0x000000001fd43000 Thread added: 0x000000001fd43000
Event: 7182.986 Thread 0x000000001d875000 Thread added: 0x000000001d875000


Dynamic libraries:
0x00007ff742430000 - 0x00007ff742461000 	D:\Program Files\Android\jre\bin\java.exe
0x00007ffbc2680000 - 0x00007ffbc2870000 	C:\WINDOWS\SYSTEM32\ntdll.dll
0x00007ffbc0a80000 - 0x00007ffbc0b32000 	C:\WINDOWS\System32\KERNEL32.DLL
0x00007ffbbf810000 - 0x00007ffbbfab3000 	C:\WINDOWS\System32\KERNELBASE.dll
0x00007ffbc1f30000 - 0x00007ffbc1fd3000 	C:\WINDOWS\System32\ADVAPI32.dll
0x00007ffbc1590000 - 0x00007ffbc162e000 	C:\WINDOWS\System32\msvcrt.dll
0x00007ffbc1e00000 - 0x00007ffbc1e97000 	C:\WINDOWS\System32\sechost.dll
0x00007ffbc0c70000 - 0x00007ffbc0d90000 	C:\WINDOWS\System32\RPCRT4.dll
0x00007ffbc08e0000 - 0x00007ffbc0a74000 	C:\WINDOWS\System32\USER32.dll
0x00007ffbc0590000 - 0x00007ffbc05b1000 	C:\WINDOWS\System32\win32u.dll
0x00007ffbc1ea0000 - 0x00007ffbc1ec6000 	C:\WINDOWS\System32\GDI32.dll
0x00007ffbbfbf0000 - 0x00007ffbbfd84000 	C:\WINDOWS\System32\gdi32full.dll
0x00007ffbbf720000 - 0x00007ffbbf7be000 	C:\WINDOWS\System32\msvcp_win.dll
0x00007ffbbfac0000 - 0x00007ffbbfbba000 	C:\WINDOWS\System32\ucrtbase.dll
0x00007ffba6b70000 - 0x00007ffba6df5000 	C:\WINDOWS\WinSxS\amd64_microsoft.windows.common-controls_6595b64144ccf1df_6.0.18362.535_none_e6c3b34713100821\COMCTL32.dll
0x00007ffbc1130000 - 0x00007ffbc1466000 	C:\WINDOWS\System32\combase.dll
0x00007ffbc0510000 - 0x00007ffbc0590000 	C:\WINDOWS\System32\bcryptPrimitives.dll
0x00007ffbc1560000 - 0x00007ffbc158e000 	C:\WINDOWS\System32\IMM32.DLL
0x00007ffb90f40000 - 0x00007ffb90fe7000 	C:\Program Files\McAfee\Gkp\HcApi.dll
0x0000000076530000 - 0x000000007653c000 	C:\Program Files\McAfee\Gkp\HcThe.dll
0x00000000757c0000 - 0x0000000075892000 	D:\Program Files\Android\jre\jre\bin\msvcr100.dll
0x0000000074e60000 - 0x00000000756a6000 	D:\Program Files\Android\jre\jre\bin\server\jvm.dll
0x00007ffbc0d90000 - 0x00007ffbc0d98000 	C:\WINDOWS\System32\PSAPI.DLL
0x00007ffbb8b10000 - 0x00007ffbb8b1a000 	C:\WINDOWS\SYSTEM32\VERSION.dll
0x00007ffbbd1e0000 - 0x00007ffbbd204000 	C:\WINDOWS\SYSTEM32\WINMM.dll
0x00007ffb9d320000 - 0x00007ffb9d329000 	C:\WINDOWS\SYSTEM32\WSOCK32.dll
0x00007ffbc1090000 - 0x00007ffbc10ff000 	C:\WINDOWS\System32\WS2_32.dll
0x00007ffbbcf40000 - 0x00007ffbbcf6d000 	C:\WINDOWS\SYSTEM32\winmmbase.dll
0x00007ffbbf7c0000 - 0x00007ffbbf80a000 	C:\WINDOWS\System32\cfgmgr32.dll
0x00007ffbbb850000 - 0x00007ffbbb85f000 	D:\Program Files\Android\jre\jre\bin\verify.dll
0x00007ffbb68c0000 - 0x00007ffbb68e9000 	D:\Program Files\Android\jre\jre\bin\java.dll
0x00007ffbb7ba0000 - 0x00007ffbb7bb6000 	D:\Program Files\Android\jre\jre\bin\zip.dll
0x00007ffbc1700000 - 0x00007ffbc1de5000 	C:\WINDOWS\System32\SHELL32.dll
0x00007ffbc0da0000 - 0x00007ffbc0e49000 	C:\WINDOWS\System32\shcore.dll
0x00007ffbbfd90000 - 0x00007ffbc050f000 	C:\WINDOWS\System32\windows.storage.dll
0x00007ffbbf5f0000 - 0x00007ffbbf60f000 	C:\WINDOWS\System32\profapi.dll
0x00007ffbbf5a0000 - 0x00007ffbbf5ea000 	C:\WINDOWS\System32\powrprof.dll
0x00007ffbbf550000 - 0x00007ffbbf560000 	C:\WINDOWS\System32\UMPDC.dll
0x00007ffbc1030000 - 0x00007ffbc1082000 	C:\WINDOWS\System32\shlwapi.dll
0x00007ffbbf560000 - 0x00007ffbbf571000 	C:\WINDOWS\System32\kernel.appcore.dll
0x00007ffbc0710000 - 0x00007ffbc0727000 	C:\WINDOWS\System32\cryptsp.dll
0x00007ffba3970000 - 0x00007ffba398a000 	D:\Program Files\Android\jre\jre\bin\net.dll
0x00007ffbbed60000 - 0x00007ffbbedc7000 	C:\WINDOWS\system32\mswsock.dll
0x00007ffba38f0000 - 0x00007ffba3901000 	D:\Program Files\Android\jre\jre\bin\nio.dll
0x00007ffba2d40000 - 0x00007ffba2d66000 	C:\Users\x\.gradle\native\29\windows-amd64\native-platform.dll
0x00007ffbbb790000 - 0x00007ffbbb79d000 	D:\Program Files\Android\jre\jre\bin\management.dll
0x00007ffbbe8d0000 - 0x00007ffbbe903000 	C:\WINDOWS\system32\rsaenh.dll
0x00007ffbbfbc0000 - 0x00007ffbbfbe6000 	C:\WINDOWS\System32\bcrypt.dll
0x00007ffbbf470000 - 0x00007ffbbf495000 	C:\WINDOWS\SYSTEM32\USERENV.dll
0x00007ffbbef30000 - 0x00007ffbbef3c000 	C:\WINDOWS\SYSTEM32\CRYPTBASE.dll
0x00007ffbbea70000 - 0x00007ffbbeaaa000 	C:\WINDOWS\SYSTEM32\IPHLPAPI.DLL
0x00007ffbc1100000 - 0x00007ffbc1108000 	C:\WINDOWS\System32\NSI.dll
0x00007ffbb5ac0000 - 0x00007ffbb5ad6000 	C:\WINDOWS\SYSTEM32\dhcpcsvc6.DLL
0x00007ffbb8570000 - 0x00007ffbb858c000 	C:\WINDOWS\SYSTEM32\dhcpcsvc.DLL
0x00007ffbbeab0000 - 0x00007ffbbeb7a000 	C:\WINDOWS\SYSTEM32\DNSAPI.dll
0x00007ffba37b0000 - 0x00007ffba37d4000 	D:\Program Files\Android\jre\jre\bin\sunec.dll
0x00007ffbb78c0000 - 0x00007ffbb78cb000 	D:\Program Files\Android\jre\jre\bin\sunmscapi.dll
0x00007ffbc05c0000 - 0x00007ffbc0709000 	C:\WINDOWS\System32\CRYPT32.dll
0x00007ffbbf580000 - 0x00007ffbbf592000 	C:\WINDOWS\System32\MSASN1.dll

VM Arguments:
jvm_args: -Xmx1536m -Dfile.encoding=windows-31j -Duser.country=CA -Duser.language=en -Duser.variant 
java_command: org.gradle.launcher.daemon.bootstrap.GradleDaemon 5.4.1
java_class_path (initial): C:\Users\x\.gradle\wrapper\dists\gradle-5.4.1-all\3221gyojl5jsh0helicew7rwx\gradle-5.4.1\lib\gradle-launcher-5.4.1.jar
Launcher Type: SUN_STANDARD

Environment Variables:
PATH=C:\Program Files (x86)\Common Files\Oracle\Java\javapath;C:\windows\system32;C:\windows;C:\windows\System32\Wbem;C:\windows\System32\WindowsPowerShell\v1.0\;C:\windows\System32\OpenSSH\;C:\Program Files (x86)\NVIDIA Corporation\PhysX\Common;C:\MinGW\bin;C:\WINDOWS\system32;C:\WINDOWS;C:\WINDOWS\System32\Wbem;C:\WINDOWS\System32\WindowsPowerShell\v1.0\;C:\WINDOWS\System32\OpenSSH\;D:\x\Program_Files\Git\cmd;C:\Program Files\dotnet\;C:\Program Files\Microsoft SQL Server\Client SDK\ODBC\170\Tools\Binn\;C:\Program Files\Microsoft SQL Server\130\Tools\Binn\;C:\Users\x\AppData\Local\Microsoft\WindowsApps;C:\Users\x\AppData\Local\GitHubDesktop\bin;%USERPROFILE%\AppData\Local\Microsoft\WindowsApps;C:\Users\x\.dotnet\tools
USERNAME=x
OS=Windows_NT
PROCESSOR_IDENTIFIER=Intel64 Family 6 Model 158 Stepping 10, GenuineIntel



---------------  S Y S T E M  ---------------

OS: Windows 10.0 , 64 bit Build 18362 (10.0.18362.329)

CPU:total 12 (initial active 12) (6 cores per cpu, 2 threads per core) family 6 model 158 stepping 10, cmov, cx8, fxsr, mmx, sse, sse2, sse3, ssse3, sse4.1, sse4.2, popcnt, avx, avx2, aes, clmul, erms, 3dnowpref, lzcnt, ht, tsc, tscinvbit, bmi1, bmi2, adx

Memory: 4k page, physical 12385524k(1543540k free), swap 18343968k(7552k free)

vm_info: OpenJDK 64-Bit Server VM (25.202-b03) for windows-amd64 JRE (1.8.0_202-release-1483-b03), built by "builder" with MS VC++ 10.0 (VS2010)

time: Tue Jan 07 14:32:00 2020
timezone: Eastern Standard Time
elapsed time: 7183 seconds (0d 1h 59m 43s)

